[]2026-03-09 12:16:07,863 - INFO - Success - (_validate_files): File c:\python4ek\st\data/stats.json not found
2026-03-09 12:16:07,863 - INFO - Success - (__init__): Processes: {'Tanki.exe': 'sfsafsd dsfsdf', 'lgc.exe': 'íĺ čăđŕé â ňŕíęč', 'firefox.exe': 'kok'}
2026-03-09 12:16:14,161 - INFO - Stats:
                     === Total checks - 3,
                     === Total kills - 0,
                     === Total errors - 0
                     === Work's time6.30
2026-03-09 12:16:14,161 - INFO - Reloading config file...
2026-03-09 12:16:14,162 - INFO - Success - (_reload_config): Reloading has been ended
2026-03-09 12:16:23,176 - INFO - Stats:
                     === Total checks - 6,
                     === Total kills - 0,
                     === Total errors - 0
                     === Work's time15.31
2026-03-09 12:16:23,176 - INFO - Reloading config file...
2026-03-09 12:16:23,177 - INFO - Success - (_reload_config): Reloading has been ended
2026-03-09 12:16:56,197 - INFO - The programm is starting
2026-03-09 12:16:56,198 - INFO - Success - (_validate_files): All needed files found
2026-03-09 12:16:56,199 - INFO - Success - (__init__): Processes: {'Tanki.exe': 'sfsafsd dsfsdf', 'lgc.exe': 'íĺ čăđŕé â ňŕíęč', 'firefox.exe': 'kok'}
2026-03-09 12:19:40,792 - INFO - The programm is starting
2026-03-09 12:19:40,793 - INFO - Success - (_validate_files): All needed files found
2026-03-09 12:19:40,794 - INFO - Success - (__init__): Processes: {'Tanki.exe': 'sfsafsd dsfsdf', 'lgc.exe': 'íĺ čăđŕé â ňŕíęč', 'firefox.exe': 'kok'}
2026-03-09 12:19:47,091 - INFO - Stats:
                     === Total checks - 3,
                     === Total kills - 0,
                     === Total errors - 0
                     === Work's time6.30
2026-03-09 12:19:47,092 - INFO - Reloading config file...
2026-03-09 12:19:47,092 - INFO - Success - (_reload_config): Reloading has been ended
2026-03-09 12:23:21,192 - INFO - The programm is starting
2026-03-09 12:23:21,192 - INFO - Success - (_validate_files): All needed files found
2026-03-09 12:23:21,193 - INFO - Success - (__init__): Processes: {'Tanki.exe': 'sfsafsd dsfsdf', 'lgc.exe': 'íĺ čăđŕé â ňŕíęč', 'firefox.exe': 'kok'}
2026-03-09 12:23:27,490 - INFO - Stats:
                     === Total checks - 3,
                     === Total kills - 0,
                     === Total errors - 0
                     === Work's time6.30
2026-03-09 12:23:27,490 - INFO - Reloading config file...
2026-03-09 12:23:27,491 - INFO - Success - (_reload_config): Reloading has been ended
2026-03-09 12:23:27,491 - ERROR - Unexpectable error main "while" cycle: write() argument must be str, not dict
2026-03-09 12:23:51,704 - INFO - The programm is starting
2026-03-09 12:23:51,705 - INFO - Success - (_validate_files): All needed files found
2026-03-09 12:23:51,705 - INFO - Success - (__init__): Processes: {'Tanki.exe': 'sfsafsd dsfsdf', 'lgc.exe': 'íĺ čăđŕé â ňŕíęč', 'firefox.exe': 'kok'}
2026-03-09 12:24:00,985 - INFO - The programm is starting
2026-03-09 12:24:00,986 - INFO - Success - (_validate_files): All needed files found
2026-03-09 12:24:00,986 - INFO - Success - (__init__): Processes: {'Tanki.exe': 'sfsafsd dsfsdf', 'lgc.exe': 'íĺ čăđŕé â ňŕíęč', 'firefox.exe': 'kok'}
2026-03-09 12:24:07,289 - INFO - Stats:
                     === Total checks - 3,
                     === Total kills - 0,
                     === Total errors - 0
                     === Work's time6.30
2026-03-09 12:24:07,289 - INFO - Reloading config file...
2026-03-09 12:24:07,289 - INFO - Success - (_reload_config): Reloading has been ended
2026-03-09 12:24:07,290 - ERROR - Unexpectable error main "while" cycle: dump() missing 1 required positional argument: 'fp'
2026-03-09 12:24:44,839 - INFO - The programm is starting
2026-03-09 12:24:44,839 - INFO - Success - (_validate_files): All needed files found
2026-03-09 12:24:44,840 - INFO - Success - (__init__): Processes: {'Tanki.exe': 'sfsafsd dsfsdf', 'lgc.exe': 'íĺ čăđŕé â ňŕíęč', 'firefox.exe': 'kok'}
2026-03-09 12:24:53,395 - INFO - The programm is starting
2026-03-09 12:24:53,396 - INFO - Success - (_validate_files): All needed files found
2026-03-09 12:24:53,396 - INFO - Success - (__init__): Processes: {'Tanki.exe': 'sfsafsd dsfsdf', 'lgc.exe': 'íĺ čăđŕé â ňŕíęč', 'firefox.exe': 'kok'}
2026-03-09 12:24:59,753 - INFO - Stats:
                     === Total checks - 3,
                     === Total kills - 0,
                     === Total errors - 0
                     === Work's time6.36
2026-03-09 12:24:59,753 - INFO - Reloading config file...
2026-03-09 12:24:59,753 - INFO - Success - (_reload_config): Reloading has been ended
2026-03-09 12:25:08,772 - INFO - Stats:
                     === Total checks - 6,
                     === Total kills - 0,
                     === Total errors - 0
                     === Work's time15.38
2026-03-09 12:25:08,773 - INFO - Reloading config file...
2026-03-09 12:25:08,773 - INFO - Success - (_reload_config): Reloading has been ended
2026-03-09 12:25:17,373 - INFO - The programm is starting
2026-03-09 12:25:17,374 - INFO - Success - (_validate_files): All needed files found
2026-03-09 12:25:17,375 - INFO - Success - (__init__): Processes: {'Tanki.exe': 'sfsafsd dsfsdf', 'lgc.exe': 'íĺ čăđŕé â ňŕíęč', 'firefox.exe': 'kok'}
2026-03-09 12:25:23,700 - INFO - Stats:
                     === Total checks - 3,
                     === Total kills - 0,
                     === Total errors - 0
                     === Work's time6.33
2026-03-09 12:25:23,701 - INFO - Reloading config file...
2026-03-09 12:25:23,701 - INFO - Success - (_reload_config): Reloading has been ended
2026-03-09 12:25:32,717 - INFO - Stats:
                     === Total checks - 6,
                     === Total kills - 0,
                     === Total errors - 0
                     === Work's time15.34
2026-03-09 12:25:32,717 - INFO - Reloading config file...
2026-03-09 12:25:32,718 - INFO - Success - (_reload_config): Reloading has been ended
2026-03-09 12:25:41,733 - INFO - Stats:
                     === Total checks - 9,
                     === Total kills - 0,
                     === Total errors - 0
                     === Work's time24.36
2026-03-09 12:25:41,734 - INFO - Reloading config file...
2026-03-09 12:25:41,734 - INFO - Success - (_reload_config): Reloading has been ended
2026-03-09 12:25:50,750 - INFO - Stats:
                     === Total checks - 12,
                     === Total kills - 0,
                     === Total errors - 0
                     === Work's time33.38
2026-03-09 12:25:50,750 - INFO - Reloading config file...
2026-03-09 12:25:50,751 - INFO - Success - (_reload_config): Reloading has been ended
2026-03-09 12:25:59,768 - INFO - Stats:
                     === Total checks - 15,
                     === Total kills - 0,
                     === Total errors - 0
                     === Work's time42.39
2026-03-09 12:25:59,768 - INFO - Reloading config file...
2026-03-09 12:25:59,769 - INFO - Success - (_reload_config): Reloading has been ended
2026-03-09 12:34:16,176 - INFO - The programm is starting
2026-03-09 12:34:16,176 - INFO - Success - (_validate_files): All needed files found
2026-03-09 12:34:27,967 - INFO - The programm is starting
2026-03-09 12:34:27,967 - INFO - Success - (_validate_files): All needed files found
2026-03-09 12:34:27,968 - INFO - Success - (_init_stats): stats.json has got info
2026-03-09 12:34:27,968 - INFO - Success - (__init__): Processes: {'Tanki.exe': 'sfsafsd dsfsdf', 'lgc.exe': 'íĺ čăđŕé â ňŕíęč', 'firefox.exe': 'kok'}
2026-03-09 12:34:34,269 - INFO - Stats:
                     === Total checks - 18,
                     === Total kills - 0,
                     === Total errors - 0
                     === Work's time556.89
2026-03-09 12:34:34,269 - INFO - Reloading config file...
2026-03-09 12:34:34,270 - INFO - Success - (_reload_config): Reloading has been ended
2026-03-09 12:34:43,285 - INFO - Stats:
                     === Total checks - 21,
                     === Total kills - 0,
                     === Total errors - 0
                     === Work's time565.91
2026-03-09 12:34:43,286 - INFO - Reloading config file...
2026-03-09 12:34:43,286 - INFO - Success - (_reload_config): Reloading has been ended
2026-03-09 12:34:53,852 - INFO - The programm is starting
2026-03-09 12:34:53,853 - INFO - Success - (_validate_files): All needed files found
2026-03-09 12:35:24,461 - INFO - The programm is starting
2026-03-09 12:35:24,461 - INFO - Success - (_validate_files): All needed files found
2026-03-09 12:35:29,105 - INFO - The programm is starting
2026-03-09 12:35:29,106 - INFO - Success - (_validate_files): All needed files found
2026-03-09 12:35:33,565 - INFO - The programm is starting
2026-03-09 12:35:33,565 - INFO - Success - (_validate_files): All needed files found
2026-03-09 12:35:33,566 - ERROR - Error - _init_stats: stats.json is empty
2026-03-09 12:35:34,686 - INFO - The programm is starting
2026-03-09 12:35:34,687 - INFO - Success - (_validate_files): All needed files found
2026-03-09 12:35:34,687 - ERROR - Error - _init_stats: stats.json is empty
2026-03-09 12:36:08,508 - INFO - The programm is starting
2026-03-09 12:36:08,509 - INFO - Success - (_validate_files): All needed files found
2026-03-09 12:36:08,509 - ERROR - Error - _init_stats: stats.json is empty
2026-03-09 12:38:41,264 - INFO - The programm is starting
2026-03-09 12:38:41,265 - INFO - Success - (_validate_files): All needed files found
2026-03-09 12:38:41,266 - INFO - Success - (__init__): Processes: {'Tanki.exe': 'sfsafsd dsfsdf', 'lgc.exe': 'íĺ čăđŕé â ňŕíęč', 'firefox.exe': 'kok'}
2026-03-09 12:38:47,581 - INFO - Stats:
                     === Total checks - 3,
                     === Total kills - 0,
                     === Total errors - 0
                     === Work's time6.32
2026-03-09 12:38:47,581 - INFO - Reloading config file...
2026-03-09 12:38:47,582 - INFO - Success - (_reload_config): Reloading has been ended
2026-03-09 12:39:58,342 - INFO - The programm is starting
2026-03-09 12:39:58,343 - INFO - Success - (_validate_files): All needed files found
2026-03-09 12:39:58,343 - INFO - Success - (_init_stats): stats.json has got info
2026-03-09 12:39:58,344 - INFO - Success - (__init__): Processes: {'Tanki.exe': 'sfsafsd dsfsdf', 'lgc.exe': 'íĺ čăđŕé â ňŕíęč', 'firefox.exe': 'kok'}
2026-03-09 12:40:06,718 - INFO - The programm is starting
2026-03-09 12:40:06,719 - INFO - Success - (_validate_files): All needed files found
2026-03-09 12:40:06,719 - INFO - Success - (_init_stats): stats.json has got info
2026-03-09 12:40:06,720 - INFO - Success - (__init__): Processes: {'Tanki.exe': 'sfsafsd dsfsdf', 'lgc.exe': 'íĺ čăđŕé â ňŕíęč', 'firefox.exe': 'kok'}
2026-03-09 12:40:13,025 - INFO - Stats:
                     === Total checks - 6,
                     === Total kills - 0,
                     === Total errors - 0
                     === Work's time91.76
2026-03-09 12:40:13,026 - INFO - Reloading config file...
2026-03-09 12:40:13,026 - INFO - Success - (_reload_config): Reloading has been ended
2026-03-09 12:40:22,042 - INFO - Stats:
                     === Total checks - 9,
                     === Total kills - 0,
                     === Total errors - 0
                     === Work's time100.78
2026-03-09 12:40:22,042 - INFO - Reloading config file...
2026-03-09 12:40:22,043 - INFO - Success - (_reload_config): Reloading has been ended
2026-03-09 12:40:31,060 - INFO - Stats:
                     === Total checks - 12,
                     === Total kills - 0,
                     === Total errors - 0
                     === Work's time109.79
2026-03-09 12:40:31,060 - INFO - Reloading config file...
2026-03-09 12:40:31,061 - INFO - Success - (_reload_config): Reloading has been ended
2026-03-09 12:40:38,164 - INFO - The programm is starting
2026-03-09 12:40:38,164 - INFO - Success - (_validate_files): All needed files found
2026-03-09 12:40:38,164 - INFO - Success - (_init_stats): stats.json has got info
2026-03-09 12:40:38,165 - INFO - Success - (__init__): Processes: {'Tanki.exe': 'sfsafsd dsfsdf', 'lgc.exe': 'íĺ čăđŕé â ňŕíęč', 'firefox.exe': 'kok'}
2026-03-09 12:40:44,462 - INFO - Stats:
                     === Total checks - 15,
                     === Total kills - 0,
                     === Total errors - 0
                     === Work's time123.20
2026-03-09 12:40:44,463 - INFO - Reloading config file...
2026-03-09 12:40:44,463 - INFO - Success - (_reload_config): Reloading has been ended
2026-03-09 12:40:50,472 - INFO - Success - (_kill_process): Process lgc.exe (PID:1240) has been stoped
2026-03-09 12:40:50,473 - INFO - Success - (_should_notify): Notification will be displayed - Anti spam
2026-03-09 12:40:50,483 - INFO - Success - (_notify_user): message has been displayed
2026-03-09 12:40:53,493 - INFO - Stats:
                     === Total checks - 18,
                     === Total kills - 1,
                     === Total errors - 0
                     === Work's time132.23
2026-03-09 12:40:53,494 - INFO - Reloading config file...
2026-03-09 12:40:53,494 - INFO - Success - (_reload_config): Reloading has been ended
2026-03-09 12:40:56,499 - INFO - Success - (_kill_process): Process lgc.exe (PID:8268) has been stoped
2026-03-09 12:40:56,500 - INFO - Success - (_should_notify): Notification will be displayed - Anti spam
2026-03-09 12:40:56,504 - INFO - Success - (_notify_user): message has been displayed
2026-03-09 12:41:00,311 - INFO - The programm is starting
2026-03-09 12:41:00,312 - INFO - Success - (_validate_files): All needed files found
2026-03-09 12:41:00,312 - INFO - Success - (_init_stats): stats.json has got info
2026-03-09 12:41:00,313 - INFO - Success - (__init__): Processes: {'Tanki.exe': 'sfsafsd dsfsdf', 'lgc.exe': 'íĺ čăđŕé â ňŕíęč', 'firefox.exe': 'kok'}
2026-03-09 12:41:06,629 - INFO - Stats:
                     === Total checks - 21,
                     === Total kills - 1,
                     === Total errors - 0
                     === Work's time145.36
2026-03-09 12:41:06,629 - INFO - Reloading config file...
2026-03-09 12:41:06,629 - INFO - Success - (_reload_config): Reloading has been ended
2026-03-09 12:44:42,448 - INFO - The programm is starting
2026-03-09 12:44:42,449 - INFO - Success - (_validate_files): All needed files found
2026-03-09 12:44:42,449 - INFO - Success - (_init_stats): stats.json has got info: {'total_checks': 21, 'total_kills': 1, 'total_errors': 0, 'start_time': 1773049121.2656786}
2026-03-09 12:44:42,449 - INFO - Success - (_load_processes_from_list): Processes: {'Tanki.exe': 'sfsafsd dsfsdf', 'lgc.exe': 'íĺ čăđŕé â ňŕíęč', 'firefox.exe': 'kok'}
2026-03-09 12:44:42,450 - INFO - Success - (_load_whitelist_processes): White processes: ['firefox.exe', 'roblox.exe']
2026-03-09 12:44:48,745 - INFO - Stats:
                     === Total checks - 24,
                     === Total kills - 1,
                     === Total errors - 0
                     === Work's time367.48
2026-03-09 12:44:48,746 - INFO - Reloading config file...
2026-03-09 12:44:48,746 - INFO - Success - (_load_processes_from_list): Processes: {'Tanki.exe': 'sfsafsd dsfsdf', 'lgc.exe': 'íĺ čăđŕé â ňŕíęč', 'firefox.exe': 'kok'}
2026-03-09 12:44:48,746 - INFO - Success - (_reload_config): Reloading has been ended
